<?xml version="1.0" encoding="UTF-8"?>
<!-- Generated by org.testng.reporters.JUnitXMLReporter -->
<testsuite ignored="0" hostname="DESKTOP-I4ODGID" failures="0" tests="5" name="test1" time="187.99" errors="0" timestamp="2022-04-21T22:23:18 BDT">
  <testcase classname="Regression.NewTest2" name="f" time="30.54"/>
  <testcase classname="Regression.NewTest2" name="f" time="32.649"/>
  <testcase classname="Regression.NewTest2" name="f" time="31.39"/>
  <testcase classname="Regression.NewTest2" name="f" time="36.613"/>
  <testcase classname="Regression.NewTest2" name="f" time="33.63"/>
</testsuite> <!-- test1 -->
