<?xml version="1.0" encoding="UTF-8"?>
<!-- Generated by org.testng.reporters.JUnitXMLReporter -->
<testsuite ignored="0" hostname="DESKTOP-I4ODGID" failures="0" tests="1" name="test3" time="0.008" errors="0" timestamp="2022-04-19T01:28:30 BDT">
  <testcase classname="Commoncode.baseclass" name="@BeforeTest browsers" time="-1.650310110524E9">
    <failure type="org.testng.TestNGException" message="
Can inject only one of &amp;lt;ITestContext, XmlTest&amp;gt; into a @BeforeTest annotated browsers.
For more information on native dependency injection please refer to https://testng.org/doc/documentation-main.html#native-dependency-injection">
      <![CDATA[org.testng.TestNGException: 
Can inject only one of <ITestContext, XmlTest> into a @BeforeTest annotated browsers.
For more information on native dependency injection please refer to https://testng.org/doc/documentation-main.html#native-dependency-injection
... Removed 21 stack frames]]>
    </failure>
  </testcase> <!-- @BeforeTest browsers -->
  <testcase classname="Commoncode.baseclass" name="@AfterTest afterTest" time="-1.65031011053E9">
    <skipped/>
  </testcase> <!-- @AfterTest afterTest -->
  <testcase classname="Regression.NewTest1" name="f" time="0.0">
    <skipped/>
  </testcase> <!-- f -->
</testsuite> <!-- test3 -->
