<?xml version="1.0" encoding="UTF-8"?>
<testng-results ignored="0" total="5" passed="5" failed="0" skipped="0">
  <reporter-output>
  </reporter-output>
  <suite started-at="2022-04-21T22:20:10 BDT" name="regressiontest" finished-at="2022-04-21T22:23:18 BDT" duration-ms="187990">
    <groups>
    </groups>
    <test started-at="2022-04-21T22:20:10 BDT" name="test1" finished-at="2022-04-21T22:23:18 BDT" duration-ms="187990">
      <class name="Regression.NewTest2">
        <test-method is-config="true" signature="browser(java.lang.String,java.lang.String)[pri:0, instance:Regression.NewTest2@7ea9e1e2]" started-at="2022-04-21T22:20:10 BDT" name="browser" finished-at="2022-04-21T22:20:23 BDT" duration-ms="13022" status="PASS">
          <params>
            <param index="0">
              <value>
                <![CDATA[Chrome]]>
              </value>
            </param>
            <param index="1">
              <value>
                <![CDATA[https://www.facebook.com]]>
              </value>
            </param>
          </params>
          <reporter-output>
          </reporter-output>
        </test-method> <!-- browser -->
        <test-method signature="f(java.lang.String,java.lang.String)[pri:0, instance:Regression.NewTest2@7ea9e1e2]" started-at="2022-04-21T22:20:23 BDT" name="f" data-provider="dp" finished-at="2022-04-21T22:20:53 BDT" duration-ms="30540" status="PASS">
          <params>
            <param index="0">
              <value>
                <![CDATA[abc@gmail.com]]>
              </value>
            </param>
            <param index="1">
              <value>
                <![CDATA[aaaaaaa]]>
              </value>
            </param>
          </params>
          <reporter-output>
          </reporter-output>
        </test-method> <!-- f -->
        <test-method signature="f(java.lang.String,java.lang.String)[pri:0, instance:Regression.NewTest2@7ea9e1e2]" started-at="2022-04-21T22:20:53 BDT" name="f" data-provider="dp" finished-at="2022-04-21T22:21:26 BDT" duration-ms="32649" status="PASS">
          <params>
            <param index="0">
              <value>
                <![CDATA[def@gmail.com]]>
              </value>
            </param>
            <param index="1">
              <value>
                <![CDATA[bbbbbbb]]>
              </value>
            </param>
          </params>
          <reporter-output>
          </reporter-output>
        </test-method> <!-- f -->
        <test-method signature="f(java.lang.String,java.lang.String)[pri:0, instance:Regression.NewTest2@7ea9e1e2]" started-at="2022-04-21T22:21:26 BDT" name="f" data-provider="dp" finished-at="2022-04-21T22:21:58 BDT" duration-ms="31390" status="PASS">
          <params>
            <param index="0">
              <value>
                <![CDATA[ghk@gmail.com]]>
              </value>
            </param>
            <param index="1">
              <value>
                <![CDATA[ccccccc]]>
              </value>
            </param>
          </params>
          <reporter-output>
          </reporter-output>
        </test-method> <!-- f -->
        <test-method signature="f(java.lang.String,java.lang.String)[pri:0, instance:Regression.NewTest2@7ea9e1e2]" started-at="2022-04-21T22:21:58 BDT" name="f" data-provider="dp" finished-at="2022-04-21T22:22:34 BDT" duration-ms="36613" status="PASS">
          <params>
            <param index="0">
              <value>
                <![CDATA[klm@gmail.com]]>
              </value>
            </param>
            <param index="1">
              <value>
                <![CDATA[ddddddd]]>
              </value>
            </param>
          </params>
          <reporter-output>
          </reporter-output>
        </test-method> <!-- f -->
        <test-method signature="f(java.lang.String,java.lang.String)[pri:0, instance:Regression.NewTest2@7ea9e1e2]" started-at="2022-04-21T22:22:35 BDT" name="f" data-provider="dp" finished-at="2022-04-21T22:23:08 BDT" duration-ms="33630" status="PASS">
          <params>
            <param index="0">
              <value>
                <![CDATA[nop@gmail.com]]>
              </value>
            </param>
            <param index="1">
              <value>
                <![CDATA[eeeeeee]]>
              </value>
            </param>
          </params>
          <reporter-output>
          </reporter-output>
        </test-method> <!-- f -->
        <test-method is-config="true" signature="afterTest()[pri:0, instance:Regression.NewTest2@7ea9e1e2]" started-at="2022-04-21T22:23:08 BDT" name="afterTest" finished-at="2022-04-21T22:23:18 BDT" duration-ms="9183" status="PASS">
          <reporter-output>
          </reporter-output>
        </test-method> <!-- afterTest -->
      </class> <!-- Regression.NewTest2 -->
    </test> <!-- test1 -->
  </suite> <!-- regressiontest -->
</testng-results>
