<?xml version="1.0" encoding="UTF-8"?>
<!-- Generated by org.testng.reporters.JUnitXMLReporter -->
<testsuite ignored="0" hostname="DESKTOP-I4ODGID" failures="0" tests="5" name="Default test" time="0.088" errors="0" timestamp="2022-04-21T22:19:46 BDT">
  <testcase classname="Regression.NewTest" name="f" time="0.012"/>
  <testcase classname="Regression.NewTest" name="f" time="0.001"/>
  <testcase classname="Regression.NewTest" name="f" time="0.001"/>
  <testcase classname="Regression.NewTest" name="f" time="0.001"/>
  <testcase classname="Regression.NewTest" name="f" time="0.001"/>
</testsuite> <!-- Default test -->
